Removed Pin From Net: NetName=A3 Pin=R4-2
Removed Pin From Net: NetName=B1 Pin=R6-2
Removed Pin From Net: NetName=B2 Pin=R7-2
Removed Pin From Net: NetName=B3 Pin=R8-2
Removed Pin From Net: NetName=A1 Pin=R14-1
Removed Pin From Net: NetName=A2 Pin=R21-1
Removed Pin From Net: NetName=A1 Pin=SS1-7
Removed Pin From Net: NetName=A2 Pin=SS2-7
Removed Pin From Net: NetName=A3 Pin=SW1-8
Removed Pin From Net: NetName=B1 Pin=SW2-6
Removed Pin From Net: NetName=B2 Pin=SW2-7
Removed Pin From Net: NetName=B3 Pin=SW2-8
Removed Pin From Net: NetName=B1 Pin=U1-5
Removed Pin From Net: NetName=B2 Pin=U1-10
Removed Pin From Net: NetName=B3 Pin=U1-13
Removed Pin From Net: NetName=A3 Pin=U2-12
Removed Pin From Net: NetName=A3 Pin=U4-12
Removed Pin From Net: NetName=B0 Pin=U9-7
Change Net Name : Old Net Name=A0 New Net Name=X0
Change Net Name : Old Net Name=A1 New Net Name=X1
Change Net Name : Old Net Name=A2 New Net Name=X2
Change Net Name : Old Net Name=B0 New Net Name=Y0
Added Pin To Net: NetName=a1 Pin=R14-1
Added Pin To Net: NetName=a1 Pin=SS1-7
Added Net: Name=a1
Added Pin To Net: NetName=a2 Pin=R21-1
Added Pin To Net: NetName=a2 Pin=SS2-7
Added Net: Name=a2
Added Pin To Net: NetName=B0 Pin=U9-7
Added Net: Name=B0
Added Pin To Net: NetName=X3 Pin=R4-2
Added Pin To Net: NetName=X3 Pin=SW1-8
Added Pin To Net: NetName=X3 Pin=U2-12
Added Pin To Net: NetName=X3 Pin=U4-12
Added Net: Name=X3
Added Pin To Net: NetName=Y1 Pin=R6-2
Added Pin To Net: NetName=Y1 Pin=SW2-6
Added Pin To Net: NetName=Y1 Pin=U1-5
Added Net: Name=Y1
Added Pin To Net: NetName=Y2 Pin=R7-2
Added Pin To Net: NetName=Y2 Pin=SW2-7
Added Pin To Net: NetName=Y2 Pin=U1-10
Added Net: Name=Y2
Added Pin To Net: NetName=Y3 Pin=R8-2
Added Pin To Net: NetName=Y3 Pin=SW2-8
Added Pin To Net: NetName=Y3 Pin=U1-13
Added Net: Name=Y3
