Added Component: Designator=R12(RESC3116X65X40ML10T20)
Added Component: Designator=R13(RESC3116X65X40ML10T20)
Added Component: Designator=R14(RESC3116X65X40ML10T20)
Added Component: Designator=R15(RESC3116X65X40ML10T20)
Added Component: Designator=R16(RESC3116X65X40ML10T20)
Added Component: Designator=R17(RESC3116X65X40ML10T20)
Added Component: Designator=R18(RESC3116X65X40ML10T20)
Added Component: Designator=R19(RESC3116X65X40ML10T20)
Added Component: Designator=R20(RESC3116X65X40ML10T20)
Added Component: Designator=R21(RESC3116X65X40ML10T20)
Added Component: Designator=R22(RESC3116X65X40ML10T20)
Added Component: Designator=R23(RESC3116X65X40ML10T20)
Added Component: Designator=R24(RESC3116X65X40ML10T20)
Added Component: Designator=R25(RESC3116X65X40ML10T20)
Added Component: Designator=R26(RESC3116X65X40ML10T20)
Added Component: Designator=R27(RESC3116X65X40ML10T20)
Added Component: Designator=R28(RESC3116X65X40ML10T20)
Added Component: Designator=R29(RESC3116X65X40ML10T20)
Added Component: Designator=R30(RESC3116X65X40ML10T20)
Added Component: Designator=R31(RESC3116X65X40ML10T20)
Added Component: Designator=R32(RESC3116X65X40ML10T20)
Added Component: Designator=R33(RESC3116X65X40ML10T20)
Added Component: Designator=R34(RESC3116X65X40ML10T20)
Added Component: Designator=R35(RESC3116X65X40ML10T20)
Added Pin To Net: NetName=A1 Pin=R14-1
Added Pin To Net: NetName=B1 Pin=R15-1
Added Pin To Net: NetName=A2 Pin=R21-1
Added Pin To Net: NetName=B2 Pin=R22-1
Added Pin To Net: NetName=GND Pin=SS1-3
Added Pin To Net: NetName=B1 Pin=SS1-6
Added Pin To Net: NetName=A1 Pin=SS1-7
Added Pin To Net: NetName=GND Pin=SS1-8
Added Pin To Net: NetName=GND Pin=SS2-3
Added Pin To Net: NetName=B2 Pin=SS2-6
Added Pin To Net: NetName=A2 Pin=SS2-7
Added Pin To Net: NetName=GND Pin=SS2-8
Added Pin To Net: NetName=GND Pin=SS3-3
Added Pin To Net: NetName=GND Pin=SS3-8
Added Pin To Net: NetName=A0 Pin=U2-1
Added Pin To Net: NetName=A1 Pin=U2-4
Added Pin To Net: NetName=GND Pin=U2-7
Added Pin To Net: NetName=A2 Pin=U2-9
Added Pin To Net: NetName=A3 Pin=U2-12
Added Pin To Net: NetName=5V Pin=U2-14
Added Pin To Net: NetName=MAN Pin=U3-2
Added Pin To Net: NetName=GND Pin=U3-7
Added Pin To Net: NetName=5V Pin=U3-14
Added Pin To Net: NetName=A0 Pin=U4-1
Added Pin To Net: NetName=A1 Pin=U4-4
Added Pin To Net: NetName=GND Pin=U4-7
Added Pin To Net: NetName=A2 Pin=U4-9
Added Pin To Net: NetName=A3 Pin=U4-12
Added Pin To Net: NetName=5V Pin=U4-14
Added Pin To Net: NetName=MAN Pin=U5-1
Added Pin To Net: NetName=GND Pin=U5-7
Added Pin To Net: NetName=5V Pin=U5-14
Added Pin To Net: NetName=GND Pin=U6-7
Added Pin To Net: NetName=5V Pin=U6-14
Added Pin To Net: NetName=5V Pin=U7-3
Added Pin To Net: NetName=GND Pin=U7-5
Added Pin To Net: NetName=GND Pin=U7-8
Added Pin To Net: NetName=5V Pin=U7-16
Added Pin To Net: NetName=A3 Pin=U8-1
Added Pin To Net: NetName=A3 Pin=U8-2
Added Pin To Net: NetName=5V Pin=U8-3
Added Pin To Net: NetName=GND Pin=U8-5
Added Pin To Net: NetName=A3 Pin=U8-6
Added Pin To Net: NetName=A3 Pin=U8-7
Added Pin To Net: NetName=GND Pin=U8-8
Added Pin To Net: NetName=5V Pin=U8-16
Added Pin To Net: NetName=B1 Pin=U9-1
Added Pin To Net: NetName=B2 Pin=U9-2
Added Pin To Net: NetName=5V Pin=U9-3
Added Pin To Net: NetName=GND Pin=U9-5
Added Pin To Net: NetName=B3 Pin=U9-6
Added Pin To Net: NetName=B0 Pin=U9-7
Added Pin To Net: NetName=GND Pin=U9-8
Added Pin To Net: NetName=5V Pin=U9-16
Added Pin To Net: NetName=5V Pin=U10-14
Added Pin To Net: NetName=A1Y Pin=U4-3
Added Pin To Net: NetName=A1Y Pin=U6-2
Added Net: Name=A1Y
Added Pin To Net: NetName=A2Y Pin=U4-6
Added Pin To Net: NetName=A2Y Pin=U6-5
Added Net: Name=A2Y
Added Pin To Net: NetName=A3Y Pin=U4-8
Added Pin To Net: NetName=A3Y Pin=U6-10
Added Net: Name=A3Y
Added Pin To Net: NetName=a4 Pin=R31-1
Added Pin To Net: NetName=a4 Pin=SS3-7
Added Net: Name=a4
Added Pin To Net: NetName=A4Y Pin=U4-11
Added Pin To Net: NetName=A4Y Pin=U6-13
Added Net: Name=A4Y
Added Pin To Net: NetName=b4 Pin=R32-1
Added Pin To Net: NetName=b4 Pin=SS3-6
Added Net: Name=b4
Added Pin To Net: NetName=c1 Pin=R16-1
Added Pin To Net: NetName=c1 Pin=SS1-4
Added Net: Name=c1
Added Pin To Net: NetName=c2 Pin=R23-1
Added Pin To Net: NetName=c2 Pin=SS2-4
Added Net: Name=c2
Added Pin To Net: NetName=c4 Pin=R33-1
Added Pin To Net: NetName=c4 Pin=SS3-4
Added Net: Name=c4
Added Pin To Net: NetName=d1 Pin=R17-1
Added Pin To Net: NetName=d1 Pin=SS1-2
Added Net: Name=d1
Added Pin To Net: NetName=d2 Pin=R24-1
Added Pin To Net: NetName=d2 Pin=SS2-2
Added Net: Name=d2
Added Pin To Net: NetName=d4 Pin=R34-1
Added Pin To Net: NetName=d4 Pin=SS3-2
Added Net: Name=d4
Added Pin To Net: NetName=e1 Pin=R18-1
Added Pin To Net: NetName=e1 Pin=SS1-1
Added Net: Name=e1
Added Pin To Net: NetName=e2 Pin=R25-1
Added Pin To Net: NetName=e2 Pin=SS2-1
Added Net: Name=e2
Added Pin To Net: NetName=e4 Pin=R35-1
Added Pin To Net: NetName=e4 Pin=SS3-1
Added Net: Name=e4
Added Pin To Net: NetName=f1 Pin=R12-1
Added Pin To Net: NetName=f1 Pin=SS1-9
Added Net: Name=f1
Added Pin To Net: NetName=f2 Pin=R19-1
Added Pin To Net: NetName=f2 Pin=SS2-9
Added Net: Name=f2
Added Pin To Net: NetName=f4 Pin=R29-1
Added Pin To Net: NetName=f4 Pin=SS3-9
Added Net: Name=f4
Added Pin To Net: NetName=g1 Pin=R13-1
Added Pin To Net: NetName=g1 Pin=SS1-10
Added Net: Name=g1
Added Pin To Net: NetName=g2 Pin=R20-1
Added Pin To Net: NetName=g2 Pin=SS2-10
Added Net: Name=g2
Added Pin To Net: NetName=g4 Pin=R30-1
Added Pin To Net: NetName=g4 Pin=SS3-10
Added Net: Name=g4
Added Pin To Net: NetName=K Pin=U6-11
Added Net: Name=K
Added Pin To Net: NetName=NetR12_2 Pin=R12-2
Added Pin To Net: NetName=NetR12_2 Pin=U8-15
Added Net: Name=NetR12_2
Added Pin To Net: NetName=NetR13_2 Pin=R13-2
Added Pin To Net: NetName=NetR13_2 Pin=U8-14
Added Net: Name=NetR13_2
Added Pin To Net: NetName=NetR14_2 Pin=R14-2
Added Pin To Net: NetName=NetR14_2 Pin=U8-13
Added Net: Name=NetR14_2
Added Pin To Net: NetName=NetR15_2 Pin=R15-2
Added Pin To Net: NetName=NetR15_2 Pin=U8-12
Added Net: Name=NetR15_2
Added Pin To Net: NetName=NetR16_2 Pin=R16-2
Added Pin To Net: NetName=NetR16_2 Pin=U8-11
Added Net: Name=NetR16_2
Added Pin To Net: NetName=NetR17_2 Pin=R17-2
Added Pin To Net: NetName=NetR17_2 Pin=U8-10
Added Net: Name=NetR17_2
Added Pin To Net: NetName=NetR18_2 Pin=R18-2
Added Pin To Net: NetName=NetR18_2 Pin=U8-9
Added Net: Name=NetR18_2
Added Pin To Net: NetName=NetR19_2 Pin=R19-2
Added Pin To Net: NetName=NetR19_2 Pin=U9-15
Added Net: Name=NetR19_2
Added Pin To Net: NetName=NetR20_2 Pin=R20-2
Added Pin To Net: NetName=NetR20_2 Pin=U9-14
Added Net: Name=NetR20_2
Added Pin To Net: NetName=NetR21_2 Pin=R21-2
Added Pin To Net: NetName=NetR21_2 Pin=U9-13
Added Net: Name=NetR21_2
Added Pin To Net: NetName=NetR22_2 Pin=R22-2
Added Pin To Net: NetName=NetR22_2 Pin=U9-12
Added Net: Name=NetR22_2
Added Pin To Net: NetName=NetR23_2 Pin=R23-2
Added Pin To Net: NetName=NetR23_2 Pin=U9-11
Added Net: Name=NetR23_2
Added Pin To Net: NetName=NetR24_2 Pin=R24-2
Added Pin To Net: NetName=NetR24_2 Pin=U9-10
Added Net: Name=NetR24_2
Added Pin To Net: NetName=NetR25_2 Pin=R25-2
Added Pin To Net: NetName=NetR25_2 Pin=U9-9
Added Net: Name=NetR25_2
Added Pin To Net: NetName=NetR29_2 Pin=R29-2
Added Pin To Net: NetName=NetR29_2 Pin=U7-15
Added Net: Name=NetR29_2
Added Pin To Net: NetName=NetR30_2 Pin=R30-2
Added Pin To Net: NetName=NetR30_2 Pin=U7-14
Added Net: Name=NetR30_2
Added Pin To Net: NetName=NetR31_2 Pin=R31-2
Added Pin To Net: NetName=NetR31_2 Pin=U7-13
Added Net: Name=NetR31_2
Added Pin To Net: NetName=NetR32_2 Pin=R32-2
Added Pin To Net: NetName=NetR32_2 Pin=U7-12
Added Net: Name=NetR32_2
Added Pin To Net: NetName=NetR33_2 Pin=R33-2
Added Pin To Net: NetName=NetR33_2 Pin=U7-11
Added Net: Name=NetR33_2
Added Pin To Net: NetName=NetR34_2 Pin=R34-2
Added Pin To Net: NetName=NetR34_2 Pin=U7-10
Added Net: Name=NetR34_2
Added Pin To Net: NetName=NetR35_2 Pin=R35-2
Added Pin To Net: NetName=NetR35_2 Pin=U7-9
Added Net: Name=NetR35_2
Added Pin To Net: NetName=NetU1_3 Pin=U1-3
Added Pin To Net: NetName=NetU1_3 Pin=U2-2
Added Pin To Net: NetName=NetU1_3 Pin=U4-2
Added Net: Name=NetU1_3
Added Pin To Net: NetName=NetU1_6 Pin=U1-6
Added Pin To Net: NetName=NetU1_6 Pin=U2-5
Added Pin To Net: NetName=NetU1_6 Pin=U4-5
Added Net: Name=NetU1_6
Added Pin To Net: NetName=NetU1_8 Pin=U1-8
Added Pin To Net: NetName=NetU1_8 Pin=U2-10
Added Pin To Net: NetName=NetU1_8 Pin=U4-10
Added Net: Name=NetU1_8
Added Pin To Net: NetName=NetU1_11 Pin=U1-11
Added Pin To Net: NetName=NetU1_11 Pin=U2-13
Added Pin To Net: NetName=NetU1_11 Pin=U4-13
Added Net: Name=NetU1_11
Added Pin To Net: NetName=NetU2_3 Pin=U2-3
Added Pin To Net: NetName=NetU2_3 Pin=U3-1
Added Pin To Net: NetName=NetU2_3 Pin=U5-2
Added Net: Name=NetU2_3
Added Pin To Net: NetName=NetU2_6 Pin=U2-6
Added Pin To Net: NetName=NetU2_6 Pin=U3-4
Added Pin To Net: NetName=NetU2_6 Pin=U5-5
Added Net: Name=NetU2_6
Added Pin To Net: NetName=NetU2_8 Pin=U2-8
Added Pin To Net: NetName=NetU2_8 Pin=U3-9
Added Pin To Net: NetName=NetU2_8 Pin=U5-10
Added Net: Name=NetU2_8
Added Pin To Net: NetName=NetU2_11 Pin=U2-11
Added Pin To Net: NetName=NetU2_11 Pin=U3-12
Added Pin To Net: NetName=NetU2_11 Pin=U5-13
Added Net: Name=NetU2_11
Added Pin To Net: NetName=NetU5_3 Pin=U5-3
Added Pin To Net: NetName=NetU5_3 Pin=U6-1
Added Net: Name=NetU5_3
Added Pin To Net: NetName=NetU5_6 Pin=U5-6
Added Pin To Net: NetName=NetU5_6 Pin=U6-4
Added Net: Name=NetU5_6
Added Pin To Net: NetName=NetU5_8 Pin=U5-8
Added Pin To Net: NetName=NetU5_8 Pin=U6-9
Added Net: Name=NetU5_8
Added Pin To Net: NetName=NetU5_11 Pin=U5-11
Added Pin To Net: NetName=NetU5_11 Pin=U6-12
Added Net: Name=NetU5_11
Added Pin To Net: NetName=O1Y Pin=U3-5
Added Pin To Net: NetName=O1Y Pin=U5-4
Added Pin To Net: NetName=O1Y Pin=U6-3
Added Net: Name=O1Y
Added Pin To Net: NetName=O2Y Pin=U3-10
Added Pin To Net: NetName=O2Y Pin=U5-9
Added Pin To Net: NetName=O2Y Pin=U6-6
Added Net: Name=O2Y
Added Pin To Net: NetName=O3Y Pin=U3-13
Added Pin To Net: NetName=O3Y Pin=U5-12
Added Pin To Net: NetName=O3Y Pin=U6-8
Added Net: Name=O3Y
Added Pin To Net: NetName=PWM Pin=U8-4
Added Pin To Net: NetName=PWM Pin=U9-4
Added Net: Name=PWM
Added Pin To Net: NetName=Z0 Pin=U3-3
Added Net: Name=Z0
Added Pin To Net: NetName=Z1 Pin=U3-6
Added Net: Name=Z1
Added Pin To Net: NetName=Z2 Pin=U3-8
Added Net: Name=Z2
Added Pin To Net: NetName=Z3 Pin=U3-11
Added Net: Name=Z3
Added Member To Class: ClassName=4B-BCD-AS Member=Component R12 100
Added Member To Class: ClassName=4B-BCD-AS Member=Component R13 100
Added Member To Class: ClassName=4B-BCD-AS Member=Component R14 100
Added Member To Class: ClassName=4B-BCD-AS Member=Component R15 100
Added Member To Class: ClassName=4B-BCD-AS Member=Component R16 100
Added Member To Class: ClassName=4B-BCD-AS Member=Component R17 100
Added Member To Class: ClassName=4B-BCD-AS Member=Component R18 100
Added Member To Class: ClassName=4B-BCD-AS Member=Component R19 100
Added Member To Class: ClassName=4B-BCD-AS Member=Component R20 100
Added Member To Class: ClassName=4B-BCD-AS Member=Component R21 100
Added Member To Class: ClassName=4B-BCD-AS Member=Component R22 100
Added Member To Class: ClassName=4B-BCD-AS Member=Component R23 100
Added Member To Class: ClassName=4B-BCD-AS Member=Component R24 100
Added Member To Class: ClassName=4B-BCD-AS Member=Component R25 100
Added Member To Class: ClassName=4B-BCD-AS Member=Component R26 100
Added Member To Class: ClassName=4B-BCD-AS Member=Component R27 100
Added Member To Class: ClassName=4B-BCD-AS Member=Component R28 100
Added Member To Class: ClassName=4B-BCD-AS Member=Component R29 100
Added Member To Class: ClassName=4B-BCD-AS Member=Component R30 100
Added Member To Class: ClassName=4B-BCD-AS Member=Component R31 100
Added Member To Class: ClassName=4B-BCD-AS Member=Component R32 100
Added Member To Class: ClassName=4B-BCD-AS Member=Component R33 100
Added Member To Class: ClassName=4B-BCD-AS Member=Component R34 100
Added Member To Class: ClassName=4B-BCD-AS Member=Component R35 100
